Copyright 1986-2022 Xilinx, Inc. All Rights Reserved. Copyright 2022-2023 Advanced Micro Devices, Inc. All Rights Reserved.
---------------------------------------------------------------------------------------------------------------------------------------------
| Tool Version : Vivado v.2023.1 (win64) Build 3865809 Sun May  7 15:05:29 MDT 2023
| Date         : Mon Nov 27 01:28:10 2023
| Host         : Akshara running 64-bit major release  (build 9200)
| Command      : report_control_sets -verbose -file top_control_sets_placed.rpt
| Design       : top
| Device       : xc7z010
---------------------------------------------------------------------------------------------------------------------------------------------

Control Set Information

Table of Contents
-----------------
1. Summary
2. Histogram
3. Flip-Flop Distribution
4. Detailed Control Set Information

1. Summary
----------

+----------------------------------------------------------+-------+
|                          Status                          | Count |
+----------------------------------------------------------+-------+
| Total control sets                                       |    10 |
|    Minimum number of control sets                        |    10 |
|    Addition due to synthesis replication                 |     0 |
|    Addition due to physical synthesis replication        |     0 |
| Unused register locations in slices containing registers |    66 |
+----------------------------------------------------------+-------+
* Control sets can be merged at opt_design using control_set_merge or merge_equivalent_drivers
** Run report_qor_suggestions for automated merging and remapping suggestions


2. Histogram
------------

+--------------------+-------+
|       Fanout       | Count |
+--------------------+-------+
| Total control sets |    10 |
| >= 0 to < 4        |     9 |
| >= 4 to < 6        |     1 |
| >= 6 to < 8        |     0 |
| >= 8 to < 10       |     0 |
| >= 10 to < 12      |     0 |
| >= 12 to < 14      |     0 |
| >= 14 to < 16      |     0 |
| >= 16              |     0 |
+--------------------+-------+
* Control sets can be remapped at either synth_design or opt_design


3. Flip-Flop Distribution
-------------------------

+--------------+-----------------------+------------------------+-----------------+--------------+
| Clock Enable | Synchronous Set/Reset | Asynchronous Set/Reset | Total Registers | Total Slices |
+--------------+-----------------------+------------------------+-----------------+--------------+
| No           | No                    | No                     |               6 |            3 |
| No           | No                    | Yes                    |               0 |            0 |
| No           | Yes                   | No                     |               0 |            0 |
| Yes          | No                    | No                     |               8 |            8 |
| Yes          | No                    | Yes                    |               0 |            0 |
| Yes          | Yes                   | No                     |               0 |            0 |
+--------------+-----------------------+------------------------+-----------------+--------------+


4. Detailed Control Set Information
-----------------------------------

+-----------------------------------+----------------------------------------+------------------+------------------+----------------+--------------+
|            Clock Signal           |              Enable Signal             | Set/Reset Signal | Slice Load Count | Bel Load Count | Bels / Slice |
+-----------------------------------+----------------------------------------+------------------+------------------+----------------+--------------+
|  kb_unit/ps2_rx_unit/rx_done_tick |                                        |                  |                1 |              1 |         1.00 |
| ~p2c_IBUF_BUFG                    | kb_unit/ps2_rx_unit/rx_data[6]         |                  |                1 |              1 |         1.00 |
| ~p2c_IBUF_BUFG                    | kb_unit/ps2_rx_unit/rx_data[7]         |                  |                1 |              1 |         1.00 |
| ~p2c_IBUF_BUFG                    | kb_unit/ps2_rx_unit/rx_data[3]_i_1_n_0 |                  |                1 |              1 |         1.00 |
| ~p2c_IBUF_BUFG                    | kb_unit/ps2_rx_unit/rx_data[0]_i_1_n_0 |                  |                1 |              1 |         1.00 |
| ~p2c_IBUF_BUFG                    | kb_unit/ps2_rx_unit/rx_data[2]_i_1_n_0 |                  |                1 |              1 |         1.00 |
| ~p2c_IBUF_BUFG                    | kb_unit/ps2_rx_unit/rx_data[1]_i_1_n_0 |                  |                1 |              1 |         1.00 |
| ~p2c_IBUF_BUFG                    | kb_unit/ps2_rx_unit/rx_data[4]_i_1_n_0 |                  |                1 |              1 |         1.00 |
| ~p2c_IBUF_BUFG                    | kb_unit/ps2_rx_unit/rx_data[5]_i_1_n_0 |                  |                1 |              1 |         1.00 |
| ~p2c_IBUF_BUFG                    |                                        |                  |                2 |              5 |         2.50 |
+-----------------------------------+----------------------------------------+------------------+------------------+----------------+--------------+


